<?xml version="1.0" encoding="UTF-8"?>
<!-- Generated by org.testng.reporters.JUnitReportReporter -->
<testsuite skipped="0" hostname="LAPTOP-V58N6912" name="bussinessLogic.Mavenframework.AppTest2" tests="1" failures="0" timestamp="2020-09-07T10:05:21 IST" time="16.064" errors="0">
  <testcase name="gou" time="16.064" classname="bussinessLogic.Mavenframework.AppTest2"/>
</testsuite> <!-- bussinessLogic.Mavenframework.AppTest2 -->
