<?xml version="1.0" encoding="UTF-8"?>
<!-- Generated by org.testng.reporters.JUnitReportReporter -->
<testsuite skipped="0" hostname="LAPTOP-V58N6912" name="bussinessLogic.Mavenframework.AppTest" tests="1" failures="0" timestamp="2020-09-07T10:05:21 IST" time="15.695" errors="0">
  <testcase name="gou" time="15.695" classname="bussinessLogic.Mavenframework.AppTest"/>
</testsuite> <!-- bussinessLogic.Mavenframework.AppTest -->
